<?xml version="1.0" encoding="UTF-8"?>
<!-- Generated by org.testng.reporters.JUnitReportReporter -->
<testsuite hostname="DESKTOP-FIK5SPH" failures="0" tests="1" name="testScripts.Ethara_artists" time="5.324" errors="0" timestamp="2024-02-13T16:58:37 IST" skipped="0">
  <testcase classname="testScripts.Ethara_artists" name="artists_listing_page_tc" time="5.324"/>
  <system-out/>
</testsuite> <!-- testScripts.Ethara_artists -->
