<?xml version="1.0" encoding="UTF-8"?>
<!-- Generated by org.testng.reporters.JUnitReportReporter -->
<testsuite hostname="DESKTOP-FIK5SPH" failures="0" tests="1" name="testScripts.Ethara_header_menu" time="126.594" errors="0" timestamp="2023-12-18T12:51:19 IST" skipped="0">
  <testcase classname="testScripts.Ethara_header_menu" name="menu_options_tc" time="126.594"/>
  <system-out/>
</testsuite> <!-- testScripts.Ethara_header_menu -->
