<?xml version="1.0" encoding="UTF-8"?>
<!-- Generated by org.testng.reporters.JUnitReportReporter -->
<testsuite hostname="DESKTOP-FIK5SPH" failures="0" tests="4" name="testScripts.Ethara_contact_us" time="39.712" errors="0" timestamp="2023-11-24T18:02:06 IST" skipped="2">
  <testcase classname="testScripts.Ethara_contact_us" name="personalForm_postivie_tc" time="14.774"/>
  <system-out/>
  <testcase classname="testScripts.Ethara_contact_us" name="businessForm_positive_tc" time="24.938"/>
  <system-out/>
  <testcase classname="testScripts.Ethara_contact_us" name="personalForm_FormValidation_tc">
    <skipped/>
  </testcase> <!-- personalForm_FormValidation_tc -->
  <system-out/>
  <testcase classname="testScripts.Ethara_contact_us" name="businessForm_FormValidation_tc">
    <skipped/>
  </testcase> <!-- businessForm_FormValidation_tc -->
  <system-out/>
</testsuite> <!-- testScripts.Ethara_contact_us -->
