<?xml version="1.0" encoding="UTF-8"?>
<!-- Generated by org.testng.reporters.JUnitReportReporter -->
<testsuite hostname="DESKTOP-FIK5SPH" failures="0" tests="1" name="testScripts.Ethara_events" time="198.301" errors="0" timestamp="2023-12-01T18:23:21 IST" skipped="0">
  <testcase classname="testScripts.Ethara_events" name="Ethara_events_dropdown_tc" time="198.301"/>
  <system-out/>
</testsuite> <!-- testScripts.Ethara_events -->
